[debug] [2025-02-17T19:36:02.562Z] ----------------------------------------------------------------------
[debug] [2025-02-17T19:36:02.565Z] Command:       C:\Program Files\nodejs\node.exe C:\Users\user\AppData\Roaming\npm\node_modules\firebase-tools\lib\bin\firebase.js init hosting
[debug] [2025-02-17T19:36:02.565Z] CLI Version:   13.31.1
[debug] [2025-02-17T19:36:02.566Z] Platform:      win32
[debug] [2025-02-17T19:36:02.566Z] Node Version:  v18.20.5
[debug] [2025-02-17T19:36:02.567Z] Time:          Tue Feb 18 2025 01:06:02 GMT+0530 (India Standard Time)
[debug] [2025-02-17T19:36:02.568Z] ----------------------------------------------------------------------
[debug] 
[debug] [2025-02-17T19:36:02.578Z] > command requires scopes: ["email","openid","https://www.googleapis.com/auth/cloudplatformprojects.readonly","https://www.googleapis.com/auth/firebase","https://www.googleapis.com/auth/cloud-platform"]
[debug] [2025-02-17T19:36:02.579Z] > authorizing via signed-in user (mohit1paul@gmail.com)
[info] 
     ######## #### ########  ######## ########     ###     ######  ########
     ##        ##  ##     ## ##       ##     ##  ##   ##  ##       ##
     ######    ##  ########  ######   ########  #########  ######  ######
     ##        ##  ##    ##  ##       ##     ## ##     ##       ## ##
     ##       #### ##     ## ######## ########  ##     ##  ######  ########

You're about to initialize a Firebase project in this directory:

  D:\JavaScripts projects\DICTIONARY APP

[info] 
=== Project Setup
[info] 
[info] First, let's associate this project directory with a Firebase project.
[info] You can create multiple project aliases by running firebase use --add, 
[info] but for now we'll just set up a default project.
[info] 
[info] i  If you want to create a project in a Google Cloud organization or folder, please use "firebase projects:create" instead, and return to this command when you've created the project. 
[debug] [2025-02-17T19:37:07.528Z] Checked if tokens are valid: true, expires at: 1739824432249
[debug] [2025-02-17T19:37:07.528Z] Checked if tokens are valid: true, expires at: 1739824432249
[debug] [2025-02-17T19:37:07.530Z] >>> [apiv2][query] POST https://cloudresourcemanager.googleapis.com/v1/projects [none]
[debug] [2025-02-17T19:37:07.530Z] >>> [apiv2][body] POST https://cloudresourcemanager.googleapis.com/v1/projects {"projectId":"jobbId","name":"VocabVault"}
[debug] [2025-02-17T19:37:09.249Z] <<< [apiv2][status] POST https://cloudresourcemanager.googleapis.com/v1/projects 400
[debug] [2025-02-17T19:37:09.249Z] <<< [apiv2][body] POST https://cloudresourcemanager.googleapis.com/v1/projects {"error":{"code":400,"message":"field [project_id] has issue [project_id contains invalid characters]","status":"INVALID_ARGUMENT","details":[{"@type":"type.googleapis.com/google.rpc.BadRequest","fieldViolations":[{"field":"project_id","description":"project_id contains invalid characters"}]},{"@type":"type.googleapis.com/google.rpc.Help","links":[{"url":"https://cloud.google.com/resource-manager/reference/rest/v1/projects"}]}]}}
[debug] [2025-02-17T19:37:09.496Z] FirebaseError: Request to https://cloudresourcemanager.googleapis.com/v1/projects had HTTP Error: 400, field [project_id] has issue [project_id contains invalid characters]
    at responseToError (C:\Users\user\AppData\Roaming\npm\node_modules\firebase-tools\lib\responseToError.js:52:12)
    at RetryOperation._fn (C:\Users\user\AppData\Roaming\npm\node_modules\firebase-tools\lib\apiv2.js:312:77)
    at process.processTicksAndRejections (node:internal/process/task_queues:95:5)
[error] 
[error] Error: Failed to create project. See firebase-debug.log for more info.
[debug] [2025-02-17T19:40:29.620Z] ----------------------------------------------------------------------
[debug] [2025-02-17T19:40:29.622Z] Command:       C:\Program Files\nodejs\node.exe C:\Users\user\AppData\Roaming\npm\node_modules\firebase-tools\lib\bin\firebase.js init hosting
[debug] [2025-02-17T19:40:29.622Z] CLI Version:   13.31.1
[debug] [2025-02-17T19:40:29.623Z] Platform:      win32
[debug] [2025-02-17T19:40:29.623Z] Node Version:  v18.20.5
[debug] [2025-02-17T19:40:29.624Z] Time:          Tue Feb 18 2025 01:10:29 GMT+0530 (India Standard Time)
[debug] [2025-02-17T19:40:29.624Z] ----------------------------------------------------------------------
[debug] 
[debug] [2025-02-17T19:40:29.631Z] > command requires scopes: ["email","openid","https://www.googleapis.com/auth/cloudplatformprojects.readonly","https://www.googleapis.com/auth/firebase","https://www.googleapis.com/auth/cloud-platform"]
[debug] [2025-02-17T19:40:29.632Z] > authorizing via signed-in user (mohit1paul@gmail.com)
[info] 
     ######## #### ########  ######## ########     ###     ######  ########
     ##        ##  ##     ## ##       ##     ##  ##   ##  ##       ##
     ######    ##  ########  ######   ########  #########  ######  ######
     ##        ##  ##    ##  ##       ##     ## ##     ##       ## ##
     ##       #### ##     ## ######## ########  ##     ##  ######  ########

You're about to initialize a Firebase project in this directory:

  D:\JavaScripts projects\DICTIONARY APP

[info] 
=== Project Setup
[info] 
[info] First, let's associate this project directory with a Firebase project.
[info] You can create multiple project aliases by running firebase use --add, 
[info] but for now we'll just set up a default project.
[info] 
[info] i  If you want to create a project in a Google Cloud organization or folder, please use "firebase projects:create" instead, and return to this command when you've created the project. 
[debug] [2025-02-17T19:41:05.790Z] Checked if tokens are valid: true, expires at: 1739824432249
[debug] [2025-02-17T19:41:05.791Z] Checked if tokens are valid: true, expires at: 1739824432249
[debug] [2025-02-17T19:41:05.792Z] >>> [apiv2][query] POST https://cloudresourcemanager.googleapis.com/v1/projects [none]
[debug] [2025-02-17T19:41:05.792Z] >>> [apiv2][body] POST https://cloudresourcemanager.googleapis.com/v1/projects {"projectId":"firstproject","name":"vocabvault"}
[debug] [2025-02-17T19:41:07.332Z] <<< [apiv2][status] POST https://cloudresourcemanager.googleapis.com/v1/projects 409
[debug] [2025-02-17T19:41:07.333Z] <<< [apiv2][body] POST https://cloudresourcemanager.googleapis.com/v1/projects {"error":{"code":409,"message":"Requested entity already exists","status":"ALREADY_EXISTS"}}
[debug] [2025-02-17T19:41:07.583Z] FirebaseError: Request to https://cloudresourcemanager.googleapis.com/v1/projects had HTTP Error: 409, Requested entity already exists
    at responseToError (C:\Users\user\AppData\Roaming\npm\node_modules\firebase-tools\lib\responseToError.js:52:12)
    at RetryOperation._fn (C:\Users\user\AppData\Roaming\npm\node_modules\firebase-tools\lib\apiv2.js:312:77)
    at process.processTicksAndRejections (node:internal/process/task_queues:95:5)
[error] 
[error] Error: Failed to create project because there is already a project with ID firstproject. Please try again with a unique project ID.
[debug] [2025-02-17T19:41:31.811Z] ----------------------------------------------------------------------
[debug] [2025-02-17T19:41:31.814Z] Command:       C:\Program Files\nodejs\node.exe C:\Users\user\AppData\Roaming\npm\node_modules\firebase-tools\lib\bin\firebase.js init hosting
[debug] [2025-02-17T19:41:31.815Z] CLI Version:   13.31.1
[debug] [2025-02-17T19:41:31.816Z] Platform:      win32
[debug] [2025-02-17T19:41:31.816Z] Node Version:  v18.20.5
[debug] [2025-02-17T19:41:31.818Z] Time:          Tue Feb 18 2025 01:11:31 GMT+0530 (India Standard Time)
[debug] [2025-02-17T19:41:31.819Z] ----------------------------------------------------------------------
[debug] 
[debug] [2025-02-17T19:41:31.832Z] > command requires scopes: ["email","openid","https://www.googleapis.com/auth/cloudplatformprojects.readonly","https://www.googleapis.com/auth/firebase","https://www.googleapis.com/auth/cloud-platform"]
[debug] [2025-02-17T19:41:31.833Z] > authorizing via signed-in user (mohit1paul@gmail.com)
[info] 
     ######## #### ########  ######## ########     ###     ######  ########
     ##        ##  ##     ## ##       ##     ##  ##   ##  ##       ##
     ######    ##  ########  ######   ########  #########  ######  ######
     ##        ##  ##    ##  ##       ##     ## ##     ##       ## ##
     ##       #### ##     ## ######## ########  ##     ##  ######  ########

You're about to initialize a Firebase project in this directory:

  D:\JavaScripts projects\DICTIONARY APP

[info] 
=== Project Setup
[info] 
[info] First, let's associate this project directory with a Firebase project.
[info] You can create multiple project aliases by running firebase use --add, 
[info] but for now we'll just set up a default project.
[info] 
[info] i  If you want to create a project in a Google Cloud organization or folder, please use "firebase projects:create" instead, and return to this command when you've created the project. 
[debug] [2025-02-17T19:41:56.646Z] Checked if tokens are valid: true, expires at: 1739824432249
[debug] [2025-02-17T19:41:56.647Z] Checked if tokens are valid: true, expires at: 1739824432249
[debug] [2025-02-17T19:41:56.649Z] >>> [apiv2][query] POST https://cloudresourcemanager.googleapis.com/v1/projects [none]
[debug] [2025-02-17T19:41:56.649Z] >>> [apiv2][body] POST https://cloudresourcemanager.googleapis.com/v1/projects {"projectId":"vocabvault","name":"vacbvault"}
[debug] [2025-02-17T19:41:58.162Z] <<< [apiv2][status] POST https://cloudresourcemanager.googleapis.com/v1/projects 409
[debug] [2025-02-17T19:41:58.162Z] <<< [apiv2][body] POST https://cloudresourcemanager.googleapis.com/v1/projects {"error":{"code":409,"message":"Requested entity already exists","status":"ALREADY_EXISTS"}}
[debug] [2025-02-17T19:41:58.396Z] FirebaseError: Request to https://cloudresourcemanager.googleapis.com/v1/projects had HTTP Error: 409, Requested entity already exists
    at responseToError (C:\Users\user\AppData\Roaming\npm\node_modules\firebase-tools\lib\responseToError.js:52:12)
    at RetryOperation._fn (C:\Users\user\AppData\Roaming\npm\node_modules\firebase-tools\lib\apiv2.js:312:77)
    at process.processTicksAndRejections (node:internal/process/task_queues:95:5)
[error] 
[error] Error: Failed to create project because there is already a project with ID vocabvault. Please try again with a unique project ID.
